char                   8 bits unsigned, align   8, undefined endianness
signed char            8 bits   signed, align   8, undefined endianness
unsigned char          8 bits unsigned, align   8, undefined endianness

short                 32 bits   signed, align  32, big-endian
unsigned short        32 bits unsigned, align  32, big-endian

int                   64 bits   signed, align  64, big-endian
unsigned              64 bits unsigned, align  64, big-endian

long                  64 bits   signed, align  64, big-endian
unsigned long         64 bits unsigned, align  64, big-endian

long long             64 bits   signed, align  64, big-endian
unsigned long long    64 bits unsigned, align  64, big-endian

float                 32 bits, align  32,
                     mantissa is  24 bits,
                     exponent is  8 bits, range   -125 ..    128
        Looks like 32-bit IEEE, big-endian
double                64 bits, align  64,
                     mantissa is  53 bits,
                     exponent is 11 bits, range  -1021 ..   1024
        Looks like 64-bit IEEE, big-endian
long double           64 bits, align  64,
                     mantissa is  53 bits,
                     exponent is 11 bits, range  -1021 ..   1024
        Looks like 64-bit IEEE, big-endian

ptrdiff_t             64 bits   signed, align  64, big-endian
size_t                64 bits unsigned, align  64, big-endian
wchar_t               64 bits   signed, align  64, big-endian

time_t                64 bits   signed, align  64, big-endian
clock_t               64 bits   signed, align  64, big-endian
struct tm            576 bits ( 9 words) align  64

void*                 64 bits align  64
char*                 64 bits align  64
int*                  64 bits align  64
double*               64 bits align  64
struct{int x;}*       64 bits align  64
simple_func_ptr       64 bits align  64
        [typedef void(*simple_func_ptr)(void);]
complex_func_ptr      64 bits align  64
        [typedef double(*complex_func_ptr)(int*,char**);]

>>> There is no 16-bit integer type
>>> There is no 128-bit floating-point type
