char                       8 bits unsigned, align   8, undefined endianness
signed char                8 bits   signed, align   8, undefined endianness
unsigned char              8 bits unsigned, align   8, undefined endianness

short                     64 bits   signed, align  64, big-endian
unsigned short            64 bits unsigned, align  64, big-endian

int                       64 bits   signed, align  64, big-endian
unsigned                  64 bits unsigned, align  64, big-endian

long                      64 bits   signed, align  64, big-endian
unsigned long             64 bits unsigned, align  64, big-endian

long long                 64 bits   signed, align  64, big-endian
unsigned long long        64 bits unsigned, align  64, big-endian

float                     64 bits, align  64, exponent range is  -1021 ..   1024
double                    64 bits, align  64, exponent range is  -1021 ..   1024
long double              128 bits, align  64, exponent range is -16381 ..  16384

ptrdiff_t                 64 bits   signed, align  64, big-endian
size_t                    64 bits unsigned, align  64, big-endian
wchar_t                   64 bits   signed, align  64, big-endian

time_t                    64 bits   signed, align  64, big-endian
clock_t                   64 bits   signed, align  64, big-endian
struct tm                576 bits align  64 ( 9 words)

void*                     64 bits align  64
char*                     64 bits align  64
int*                      64 bits align  64
double*                   64 bits align  64
struct{int x;}*           64 bits align  64
simple_func_ptr           64 bits align  64
complex_func_ptr          64 bits align  64

>>> There is no 16-bit integer type
>>> There is no 32-bit integer type
>>> There is no 32-bit floating-point type
